
Showing logs for build [32mcb-kubecd-environment-pr-485-4-fjl4q-1[0m stage [32mmeta-pipeline[0m and container [32mstep-credential-initializer-g9xw6[0m
{"level":"warn","ts":1568075664.981111,"logger":"fallback-logger","caller":"logging/config.go:69","msg":"Fetch GitHub commit ID from kodata failed: \"ref: refs/heads/master\" is not a valid GitHub commit ID"}
{"level":"info","ts":1568075664.9817507,"logger":"fallback-logger","caller":"creds-init/main.go:40","msg":"Credentials initialized."}

Showing logs for build [32mcb-kubecd-environment-pr-485-4-fjl4q-1[0m stage [32mmeta-pipeline[0m and container [32mstep-working-dir-initializer-tzb9w[0m
{"level":"warn","ts":1568075665.920814,"logger":"fallback-logger","caller":"logging/config.go:69","msg":"Fetch GitHub commit ID from kodata failed: open /var/run/ko/HEAD: no such file or directory"}
{"level":"info","ts":1568075665.9273956,"logger":"fallback-logger","caller":"bash/main.go:65","msg":"Successfully executed command \"mkdir -p /workspace/source\""}

Showing logs for build [32mcb-kubecd-environment-pr-485-4-fjl4q-1[0m stage [32mmeta-pipeline[0m and container [32mstep-place-tools[0m

Showing logs for build [32mcb-kubecd-environment-pr-485-4-fjl4q-1[0m stage [32mmeta-pipeline[0m and container [32mstep-git-source-meta-cb-kubecd-environment-pr-4-9gq2l[0m
{"level":"warn","ts":1568075670.9858792,"logger":"fallback-logger","caller":"logging/config.go:69","msg":"Fetch GitHub commit ID from kodata failed: \"ref: refs/heads/master\" is not a valid GitHub commit ID"}
{"level":"info","ts":1568075672.0553446,"logger":"fallback-logger","caller":"git/git.go:102","msg":"Successfully cloned https://github.com/cb-kubecd/environment-pr-485-4-tekton-gkebdd-staging.git @ 7551c7efbfd494ebbb456fca817bbbaed096cfb2 in path /workspace/source"}

Showing logs for build [32mcb-kubecd-environment-pr-485-4-fjl4q-1[0m stage [32mmeta-pipeline[0m and container [32mstep-git-merge[0m
Using SHAs from PULL_REFS=master:7551c7efbfd494ebbb456fca817bbbaed096cfb2,3:b3398c6e5c24b20fc27742670988c11cfa4a4f60
DEBUG: ran git fetch --unshallow origin b3398c6e5c24b20fc27742670988c11cfa4a4f60: 7551c7efbfd494ebbb456fca817bbbaed096cfb2: in 
DEBUG: ran git checkout master in 
DEBUG: ran git reset --hard 7551c7efbfd494ebbb456fca817bbbaed096cfb2 in 
DEBUG: ran clean --force -d . in 
DEBUG: ran git merge b3398c6e5c24b20fc27742670988c11cfa4a4f60 in 
Merged SHA b3398c6e5c24b20fc27742670988c11cfa4a4f60 with commit message 'chore: Promote bdd-sbrp-import-1568075245 to version 0.0.1' into base branch master

Showing logs for build [32mcb-kubecd-environment-pr-485-4-fjl4q-1[0m stage [32mmeta-pipeline[0m and container [32mstep-merge-pull-refs[0m
DEBUG: ran git fetch origin b3398c6e5c24b20fc27742670988c11cfa4a4f60: 7551c7efbfd494ebbb456fca817bbbaed096cfb2: in 
DEBUG: Unshallowed git repo in 
DEBUG: ran git checkout master in 
DEBUG: ran git reset --hard 7551c7efbfd494ebbb456fca817bbbaed096cfb2 in 
DEBUG: ran clean --force -d . in 
DEBUG: ran git merge b3398c6e5c24b20fc27742670988c11cfa4a4f60 in 
Merged SHA b3398c6e5c24b20fc27742670988c11cfa4a4f60 with commit message 'chore: Promote bdd-sbrp-import-1568075245 to version 0.0.1' into base branch master

Showing logs for build [32mcb-kubecd-environment-pr-485-4-fjl4q-1[0m stage [32mmeta-pipeline[0m and container [32mstep-create-effective-pipeline[0m
Deleting and cloning the Jenkins X versions repo
Cloning the Jenkins X versions repo https://github.com/jenkins-x/jenkins-x-versions.git with revision 985fb080c78a68bc4860457337153aaba0791d76 to /builder/home/.**/jenkins-x-versions
From https://github.com/jenkins-x/jenkins-x-versions
 * branch            985fb080c78a68bc4860457337153aaba0791d76 -> FETCH_HEAD
selected pack: /builder/home/.**/draft/packs/github.com/jenkins-x-buildpacks/jenkins-x-kubernetes/packs/environment
Effective pipeline written to jenkins-x-promotion-build-effective.yml

Showing logs for build [32mcb-kubecd-environment-pr-485-4-fjl4q-1[0m stage [32mmeta-pipeline[0m and container [32mstep-create-tekton-crds[0m
Deleting and cloning the Jenkins X versions repo
Cloning the Jenkins X versions repo https://github.com/jenkins-x/jenkins-x-versions.git with revision 985fb080c78a68bc4860457337153aaba0791d76 to /builder/home/.**/jenkins-x-versions
From https://github.com/jenkins-x/jenkins-x-versions
 * branch            985fb080c78a68bc4860457337153aaba0791d76 -> FETCH_HEAD
PipelineActivity for cb-kubecd-environment-pr-485-4-tekton-gkebdd-staging-PR-3-1
Applying changes 
upserted PipelineResource cb-kubecd-environment-pr-485-4 for the git repository https://github.com/cb-kubecd/environment-pr-485-4-tekton-gkebdd-staging.git
upserted Task cb-kubecd-environment-pr-485-4-fjl4q-from-build-pack-1
upserted Pipeline cb-kubecd-environment-pr-485-4-fjl4q-1
created PipelineRun cb-kubecd-environment-pr-485-4-fjl4q-1
created PipelineStructure cb-kubecd-environment-pr-485-4-fjl4q-1

Showing logs for build [32mcb-kubecd-environment-pr-485-4-fjl4q-1[0m stage [32mfrom-build-pack[0m and container [32mstep-credential-initializer-ts9rf[0m
{"level":"warn","ts":1568075687.5702028,"logger":"fallback-logger","caller":"logging/config.go:69","msg":"Fetch GitHub commit ID from kodata failed: \"ref: refs/heads/master\" is not a valid GitHub commit ID"}
{"level":"info","ts":1568075687.5710657,"logger":"fallback-logger","caller":"creds-init/main.go:40","msg":"Credentials initialized."}

Showing logs for build [32mcb-kubecd-environment-pr-485-4-fjl4q-1[0m stage [32mfrom-build-pack[0m and container [32mstep-working-dir-initializer-wg57t[0m
{"level":"warn","ts":1568075688.5188367,"logger":"fallback-logger","caller":"logging/config.go:69","msg":"Fetch GitHub commit ID from kodata failed: open /var/run/ko/HEAD: no such file or directory"}
{"level":"info","ts":1568075688.520947,"logger":"fallback-logger","caller":"bash/main.go:65","msg":"Successfully executed command \"mkdir -p /workspace/source /workspace/source/env\""}

Showing logs for build [32mcb-kubecd-environment-pr-485-4-fjl4q-1[0m stage [32mfrom-build-pack[0m and container [32mstep-place-tools[0m

Showing logs for build [32mcb-kubecd-environment-pr-485-4-fjl4q-1[0m stage [32mfrom-build-pack[0m and container [32mstep-git-source-cb-kubecd-environment-pr-485-4-ps5fb[0m
{"level":"warn","ts":1568075695.5871391,"logger":"fallback-logger","caller":"logging/config.go:69","msg":"Fetch GitHub commit ID from kodata failed: \"ref: refs/heads/master\" is not a valid GitHub commit ID"}
{"level":"info","ts":1568075696.6689787,"logger":"fallback-logger","caller":"git/git.go:102","msg":"Successfully cloned https://github.com/cb-kubecd/environment-pr-485-4-tekton-gkebdd-staging.git @ master in path /workspace/source"}

Showing logs for build [32mcb-kubecd-environment-pr-485-4-fjl4q-1[0m stage [32mfrom-build-pack[0m and container [32mstep-git-merge[0m
Using SHAs from PULL_REFS=master:7551c7efbfd494ebbb456fca817bbbaed096cfb2,3:b3398c6e5c24b20fc27742670988c11cfa4a4f60
DEBUG: ran git fetch origin b3398c6e5c24b20fc27742670988c11cfa4a4f60: 7551c7efbfd494ebbb456fca817bbbaed096cfb2: in 
DEBUG: Unshallowed git repo in 
DEBUG: ran git checkout master in 
DEBUG: ran git reset --hard 7551c7efbfd494ebbb456fca817bbbaed096cfb2 in 
DEBUG: ran clean --force -d . in 
DEBUG: ran git merge b3398c6e5c24b20fc27742670988c11cfa4a4f60 in 
Merged SHA b3398c6e5c24b20fc27742670988c11cfa4a4f60 with commit message 'chore: Promote bdd-sbrp-import-1568075245 to version 0.0.1' into base branch master

Showing logs for build [32mcb-kubecd-environment-pr-485-4-fjl4q-1[0m stage [32mfrom-build-pack[0m and container [32mstep-build-helm-build[0m
WARNING: No $CHART_REPOSITORY defined so using the default value of: http://jenkins-x-chartmuseum:8080
Adding missing Helm repo: storage.googleapis.com https://storage.googleapis.com/chartmuseum.jenkins-x.io
Successfully added Helm repository storage.googleapis.com.
Adding missing Helm repo: jenkins-x-chartmuseum http://jenkins-x-chartmuseum:8080
Successfully added Helm repository jenkins-x-chartmuseum.
WARNING: No $CHART_REPOSITORY defined so using the default value of: http://jenkins-x-chartmuseum:8080
Adding missing Helm repo: chartmuseum.jenkins-x.io http://chartmuseum.jenkins-x.io
Successfully added Helm repository chartmuseum.jenkins-x.io.
