
Showing logs for build [32mcb-kubecd-environment-pr-485-4-hngnc-1[0m stage [32mmeta-pipeline[0m and container [32mstep-credential-initializer-4wdq2[0m
{"level":"warn","ts":1568076224.3999815,"logger":"fallback-logger","caller":"logging/config.go:69","msg":"Fetch GitHub commit ID from kodata failed: \"ref: refs/heads/master\" is not a valid GitHub commit ID"}
{"level":"info","ts":1568076224.406157,"logger":"fallback-logger","caller":"creds-init/main.go:40","msg":"Credentials initialized."}

Showing logs for build [32mcb-kubecd-environment-pr-485-4-hngnc-1[0m stage [32mmeta-pipeline[0m and container [32mstep-working-dir-initializer-68rb4[0m
{"level":"warn","ts":1568076225.352427,"logger":"fallback-logger","caller":"logging/config.go:69","msg":"Fetch GitHub commit ID from kodata failed: open /var/run/ko/HEAD: no such file or directory"}
{"level":"info","ts":1568076225.35616,"logger":"fallback-logger","caller":"bash/main.go:65","msg":"Successfully executed command \"mkdir -p /workspace/source\""}

Showing logs for build [32mcb-kubecd-environment-pr-485-4-hngnc-1[0m stage [32mmeta-pipeline[0m and container [32mstep-place-tools[0m

Showing logs for build [32mcb-kubecd-environment-pr-485-4-hngnc-1[0m stage [32mmeta-pipeline[0m and container [32mstep-git-source-meta-cb-kubecd-environment-pr-4-bk4vj[0m
{"level":"warn","ts":1568076231.5049367,"logger":"fallback-logger","caller":"logging/config.go:69","msg":"Fetch GitHub commit ID from kodata failed: \"ref: refs/heads/master\" is not a valid GitHub commit ID"}
{"level":"info","ts":1568076232.5973196,"logger":"fallback-logger","caller":"git/git.go:102","msg":"Successfully cloned https://github.com/cb-kubecd/environment-pr-485-4-tekton-gkebdd-staging.git @ 5a7bf513d3eeab89652559ad3028c39928f55948 in path /workspace/source"}

Showing logs for build [32mcb-kubecd-environment-pr-485-4-hngnc-1[0m stage [32mmeta-pipeline[0m and container [32mstep-git-merge[0m
Using SHAs from PULL_REFS=master:5a7bf513d3eeab89652559ad3028c39928f55948,5:78e2dfa2642a324e39ed100ab47da92d572b7923
DEBUG: ran git fetch --unshallow origin 78e2dfa2642a324e39ed100ab47da92d572b7923: 5a7bf513d3eeab89652559ad3028c39928f55948: in 
DEBUG: ran git checkout master in 
DEBUG: ran git reset --hard 5a7bf513d3eeab89652559ad3028c39928f55948 in 
DEBUG: ran clean --force -d . in 
DEBUG: ran git merge 78e2dfa2642a324e39ed100ab47da92d572b7923 in 
Merged SHA 78e2dfa2642a324e39ed100ab47da92d572b7923 with commit message 'chore: Promote bdd-sbhg-import-1568075245 to version 0.0.1' into base branch master

Showing logs for build [32mcb-kubecd-environment-pr-485-4-hngnc-1[0m stage [32mmeta-pipeline[0m and container [32mstep-merge-pull-refs[0m
DEBUG: ran git fetch origin 78e2dfa2642a324e39ed100ab47da92d572b7923: 5a7bf513d3eeab89652559ad3028c39928f55948: in 
DEBUG: Unshallowed git repo in 
DEBUG: ran git checkout master in 
DEBUG: ran git reset --hard 5a7bf513d3eeab89652559ad3028c39928f55948 in 
DEBUG: ran clean --force -d . in 
DEBUG: ran git merge 78e2dfa2642a324e39ed100ab47da92d572b7923 in 
Merged SHA 78e2dfa2642a324e39ed100ab47da92d572b7923 with commit message 'chore: Promote bdd-sbhg-import-1568075245 to version 0.0.1' into base branch master

Showing logs for build [32mcb-kubecd-environment-pr-485-4-hngnc-1[0m stage [32mmeta-pipeline[0m and container [32mstep-create-effective-pipeline[0m
Deleting and cloning the Jenkins X versions repo
Cloning the Jenkins X versions repo https://github.com/jenkins-x/jenkins-x-versions.git with revision 985fb080c78a68bc4860457337153aaba0791d76 to /builder/home/.**/jenkins-x-versions
From https://github.com/jenkins-x/jenkins-x-versions
 * branch            985fb080c78a68bc4860457337153aaba0791d76 -> FETCH_HEAD
selected pack: /builder/home/.**/draft/packs/github.com/jenkins-x-buildpacks/jenkins-x-kubernetes/packs/environment
Effective pipeline written to jenkins-x-promotion-build-effective.yml

Showing logs for build [32mcb-kubecd-environment-pr-485-4-hngnc-1[0m stage [32mmeta-pipeline[0m and container [32mstep-create-tekton-crds[0m
Deleting and cloning the Jenkins X versions repo
Cloning the Jenkins X versions repo https://github.com/jenkins-x/jenkins-x-versions.git with revision 985fb080c78a68bc4860457337153aaba0791d76 to /builder/home/.**/jenkins-x-versions
From https://github.com/jenkins-x/jenkins-x-versions
 * branch            985fb080c78a68bc4860457337153aaba0791d76 -> FETCH_HEAD
PipelineActivity for cb-kubecd-environment-pr-485-4-tekton-gkebdd-staging-PR-5-1
Applying changes 
upserted PipelineResource cb-kubecd-environment-pr-485-4 for the git repository https://github.com/cb-kubecd/environment-pr-485-4-tekton-gkebdd-staging.git
upserted Task cb-kubecd-environment-pr-485-4-hngnc-from-build-pack-1
upserted Pipeline cb-kubecd-environment-pr-485-4-hngnc-1
created PipelineRun cb-kubecd-environment-pr-485-4-hngnc-1
created PipelineStructure cb-kubecd-environment-pr-485-4-hngnc-1

Showing logs for build [32mcb-kubecd-environment-pr-485-4-hngnc-1[0m stage [32mfrom-build-pack[0m and container [32mstep-credential-initializer-tjxv5[0m
{"level":"warn","ts":1568076247.6095405,"logger":"fallback-logger","caller":"logging/config.go:69","msg":"Fetch GitHub commit ID from kodata failed: \"ref: refs/heads/master\" is not a valid GitHub commit ID"}
{"level":"info","ts":1568076247.6100583,"logger":"fallback-logger","caller":"creds-init/main.go:40","msg":"Credentials initialized."}

Showing logs for build [32mcb-kubecd-environment-pr-485-4-hngnc-1[0m stage [32mfrom-build-pack[0m and container [32mstep-working-dir-initializer-4xrr2[0m
{"level":"warn","ts":1568076248.5556376,"logger":"fallback-logger","caller":"logging/config.go:69","msg":"Fetch GitHub commit ID from kodata failed: open /var/run/ko/HEAD: no such file or directory"}
{"level":"info","ts":1568076248.55719,"logger":"fallback-logger","caller":"bash/main.go:65","msg":"Successfully executed command \"mkdir -p /workspace/source /workspace/source/env\""}

Showing logs for build [32mcb-kubecd-environment-pr-485-4-hngnc-1[0m stage [32mfrom-build-pack[0m and container [32mstep-place-tools[0m

Showing logs for build [32mcb-kubecd-environment-pr-485-4-hngnc-1[0m stage [32mfrom-build-pack[0m and container [32mstep-git-source-cb-kubecd-environment-pr-485-4-tjdfl[0m
{"level":"warn","ts":1568076253.6904671,"logger":"fallback-logger","caller":"logging/config.go:69","msg":"Fetch GitHub commit ID from kodata failed: \"ref: refs/heads/master\" is not a valid GitHub commit ID"}
{"level":"info","ts":1568076254.7850869,"logger":"fallback-logger","caller":"git/git.go:102","msg":"Successfully cloned https://github.com/cb-kubecd/environment-pr-485-4-tekton-gkebdd-staging.git @ master in path /workspace/source"}

Showing logs for build [32mcb-kubecd-environment-pr-485-4-hngnc-1[0m stage [32mfrom-build-pack[0m and container [32mstep-git-merge[0m
Using SHAs from PULL_REFS=master:5a7bf513d3eeab89652559ad3028c39928f55948,5:78e2dfa2642a324e39ed100ab47da92d572b7923
DEBUG: ran git fetch --unshallow origin 78e2dfa2642a324e39ed100ab47da92d572b7923: 5a7bf513d3eeab89652559ad3028c39928f55948: in 
DEBUG: ran git checkout master in 
DEBUG: ran git reset --hard 5a7bf513d3eeab89652559ad3028c39928f55948 in 
DEBUG: ran clean --force -d . in 
DEBUG: ran git merge 78e2dfa2642a324e39ed100ab47da92d572b7923 in 
Merged SHA 78e2dfa2642a324e39ed100ab47da92d572b7923 with commit message 'chore: Promote bdd-sbhg-import-1568075245 to version 0.0.1' into base branch master

Showing logs for build [32mcb-kubecd-environment-pr-485-4-hngnc-1[0m stage [32mfrom-build-pack[0m and container [32mstep-build-helm-build[0m
WARNING: No $CHART_REPOSITORY defined so using the default value of: http://jenkins-x-chartmuseum:8080
Adding missing Helm repo: storage.googleapis.com https://storage.googleapis.com/chartmuseum.jenkins-x.io
Successfully added Helm repository storage.googleapis.com.
Adding missing Helm repo: jenkins-x-chartmuseum http://jenkins-x-chartmuseum:8080
Successfully added Helm repository jenkins-x-chartmuseum.
WARNING: No $CHART_REPOSITORY defined so using the default value of: http://jenkins-x-chartmuseum:8080
Adding missing Helm repo: chartmuseum.jenkins-x.io http://chartmuseum.jenkins-x.io
Successfully added Helm repository chartmuseum.jenkins-x.io.
