
Showing logs for build [32mmeta-cb-kubecd-environment-pr-4-1[0m stage [32mmeta-pipeline[0m and container [32mstep-credential-initializer-8cn95[0m
{"level":"warn","ts":1568074937.274928,"logger":"fallback-logger","caller":"logging/config.go:69","msg":"Fetch GitHub commit ID from kodata failed: \"ref: refs/heads/master\" is not a valid GitHub commit ID"}
{"level":"info","ts":1568074937.2754195,"logger":"fallback-logger","caller":"creds-init/main.go:40","msg":"Credentials initialized."}

Showing logs for build [32mmeta-cb-kubecd-environment-pr-4-1[0m stage [32mmeta-pipeline[0m and container [32mstep-working-dir-initializer-wvlzc[0m
{"level":"warn","ts":1568074939.0478935,"logger":"fallback-logger","caller":"logging/config.go:69","msg":"Fetch GitHub commit ID from kodata failed: open /var/run/ko/HEAD: no such file or directory"}
{"level":"info","ts":1568074939.0562675,"logger":"fallback-logger","caller":"bash/main.go:65","msg":"Successfully executed command \"mkdir -p /workspace/source\""}

Showing logs for build [32mmeta-cb-kubecd-environment-pr-4-1[0m stage [32mmeta-pipeline[0m and container [32mstep-place-tools[0m

Showing logs for build [32mmeta-cb-kubecd-environment-pr-4-1[0m stage [32mmeta-pipeline[0m and container [32mstep-git-source-meta-cb-kubecd-environment-pr-4-xt8lt[0m
{"level":"warn","ts":1568074961.071965,"logger":"fallback-logger","caller":"logging/config.go:69","msg":"Fetch GitHub commit ID from kodata failed: \"ref: refs/heads/master\" is not a valid GitHub commit ID"}
{"level":"error","ts":1568074961.5187712,"logger":"fallback-logger","caller":"git/git.go:35","msg":"Error running git [fetch --depth=1 --recurse-submodules=yes origin a6b68d02cf290f07bdc24ca41df1dfd8c31dd479]: exit status 128\nerror: Server does not allow request for unadvertised object a6b68d02cf290f07bdc24ca41df1dfd8c31dd479\n","stacktrace":"github.com/tektoncd/pipeline/pkg/git.run\n\t/workspace/go/src/github.com/tektoncd/pipeline/pkg/git/git.go:35\ngithub.com/tektoncd/pipeline/pkg/git.Fetch\n\t/workspace/go/src/github.com/tektoncd/pipeline/pkg/git/git.go:88\nmain.main\n\t/workspace/go/src/github.com/tektoncd/pipeline/cmd/git-init/main.go:36\nruntime.main\n\t/usr/local/go/src/runtime/proc.go:200"}
{"level":"error","ts":1568074962.2964852,"logger":"fallback-logger","caller":"git/git.go:35","msg":"Error running git [pull --recurse-submodules=yes origin]: exit status 1\nFrom https://github.com/cb-kubecd/environment-pr-485-4-tekton-gkebdd-staging\n * [new branch]      master     -> origin/master\nYou asked to pull from the remote 'origin', but did not specify\na branch. Because this is not the default configured remote\nfor your current branch, you must specify a branch on the command line.\n","stacktrace":"github.com/tektoncd/pipeline/pkg/git.run\n\t/workspace/go/src/github.com/tektoncd/pipeline/pkg/git/git.go:35\ngithub.com/tektoncd/pipeline/pkg/git.Fetch\n\t/workspace/go/src/github.com/tektoncd/pipeline/pkg/git/git.go:91\nmain.main\n\t/workspace/go/src/github.com/tektoncd/pipeline/cmd/git-init/main.go:36\nruntime.main\n\t/usr/local/go/src/runtime/proc.go:200"}
{"level":"warn","ts":1568074962.29657,"logger":"fallback-logger","caller":"git/git.go:92","msg":"Failed to pull origin : exit status 1"}
{"level":"info","ts":1568074962.3026772,"logger":"fallback-logger","caller":"git/git.go:102","msg":"Successfully cloned https://github.com/cb-kubecd/environment-pr-485-4-tekton-gkebdd-staging.git @ a6b68d02cf290f07bdc24ca41df1dfd8c31dd479 in path /workspace/source"}

Showing logs for build [32mmeta-cb-kubecd-environment-pr-4-1[0m stage [32mmeta-pipeline[0m and container [32mstep-git-merge[0m
Using SHAs from PULL_REFS=master:a6b68d02cf290f07bdc24ca41df1dfd8c31dd479,1:c54a688145d19882106f1405d308b374007e4c87
DEBUG: ran git fetch origin c54a688145d19882106f1405d308b374007e4c87: a6b68d02cf290f07bdc24ca41df1dfd8c31dd479: in 
DEBUG: Unshallowed git repo in 
DEBUG: ran git checkout master in 
DEBUG: ran git reset --hard a6b68d02cf290f07bdc24ca41df1dfd8c31dd479 in 
DEBUG: ran clean --force -d . in 
DEBUG: ran git merge c54a688145d19882106f1405d308b374007e4c87 in 
Merged SHA c54a688145d19882106f1405d308b374007e4c87 with commit message 'chore: Promote bdd-gh-1568074819 to version 0.0.1' into base branch master

Showing logs for build [32mmeta-cb-kubecd-environment-pr-4-1[0m stage [32mmeta-pipeline[0m and container [32mstep-merge-pull-refs[0m
DEBUG: ran git fetch origin c54a688145d19882106f1405d308b374007e4c87: a6b68d02cf290f07bdc24ca41df1dfd8c31dd479: in 
DEBUG: Unshallowed git repo in 
DEBUG: ran git checkout master in 
DEBUG: ran git reset --hard a6b68d02cf290f07bdc24ca41df1dfd8c31dd479 in 
DEBUG: ran clean --force -d . in 
DEBUG: ran git merge c54a688145d19882106f1405d308b374007e4c87 in 
Merged SHA c54a688145d19882106f1405d308b374007e4c87 with commit message 'chore: Promote bdd-gh-1568074819 to version 0.0.1' into base branch master

Showing logs for build [32mmeta-cb-kubecd-environment-pr-4-1[0m stage [32mmeta-pipeline[0m and container [32mstep-create-effective-pipeline[0m
Deleting and cloning the Jenkins X versions repo
Cloning the Jenkins X versions repo https://github.com/jenkins-x/jenkins-x-versions.git with revision 985fb080c78a68bc4860457337153aaba0791d76 to /builder/home/.**/jenkins-x-versions
From https://github.com/jenkins-x/jenkins-x-versions
 * branch            985fb080c78a68bc4860457337153aaba0791d76 -> FETCH_HEAD
selected pack: /builder/home/.**/draft/packs/github.com/jenkins-x-buildpacks/jenkins-x-kubernetes/packs/environment
Effective pipeline written to jenkins-x-promotion-build-effective.yml

Showing logs for build [32mmeta-cb-kubecd-environment-pr-4-1[0m stage [32mmeta-pipeline[0m and container [32mstep-create-tekton-crds[0m
Deleting and cloning the Jenkins X versions repo
Cloning the Jenkins X versions repo https://github.com/jenkins-x/jenkins-x-versions.git with revision 985fb080c78a68bc4860457337153aaba0791d76 to /builder/home/.**/jenkins-x-versions
From https://github.com/jenkins-x/jenkins-x-versions
 * branch            985fb080c78a68bc4860457337153aaba0791d76 -> FETCH_HEAD
PipelineActivity for cb-kubecd-environment-pr-485-4-tekton-gkebdd-staging-PR-1-1
Applying changes 
upserted PipelineResource cb-kubecd-environment-pr-485-4 for the git repository https://github.com/cb-kubecd/environment-pr-485-4-tekton-gkebdd-staging.git
upserted Task cb-kubecd-environment-pr-485-4-from-build-pack-1
upserted Pipeline cb-kubecd-environment-pr-485-4-1
created PipelineRun cb-kubecd-environment-pr-485-4-1
created PipelineStructure cb-kubecd-environment-pr-485-4-1

waiting for stage [32mfrom-build-pack[0m : container [32mstep-credential-initializer-pkgkq[0m to start...


Showing logs for build [32mmeta-cb-kubecd-environment-pr-4-1[0m stage [32mfrom-build-pack[0m and container [32mstep-credential-initializer-pkgkq[0m
{"level":"warn","ts":1568074978.4926677,"logger":"fallback-logger","caller":"logging/config.go:69","msg":"Fetch GitHub commit ID from kodata failed: \"ref: refs/heads/master\" is not a valid GitHub commit ID"}
{"level":"info","ts":1568074978.4931333,"logger":"fallback-logger","caller":"creds-init/main.go:40","msg":"Credentials initialized."}

waiting for stage [32mfrom-build-pack[0m : container [32mstep-working-dir-initializer-597jd[0m to start...


Showing logs for build [32mmeta-cb-kubecd-environment-pr-4-1[0m stage [32mfrom-build-pack[0m and container [32mstep-working-dir-initializer-597jd[0m
{"level":"warn","ts":1568074979.3793447,"logger":"fallback-logger","caller":"logging/config.go:69","msg":"Fetch GitHub commit ID from kodata failed: open /var/run/ko/HEAD: no such file or directory"}
{"level":"info","ts":1568074979.3813443,"logger":"fallback-logger","caller":"bash/main.go:65","msg":"Successfully executed command \"mkdir -p /workspace/source /workspace/source/env\""}

waiting for stage [32mfrom-build-pack[0m : container [32mstep-place-tools[0m to start...


Showing logs for build [32mmeta-cb-kubecd-environment-pr-4-1[0m stage [32mfrom-build-pack[0m and container [32mstep-place-tools[0m

waiting for stage [32mfrom-build-pack[0m : container [32mstep-git-source-cb-kubecd-environment-pr-485-4-2kqsg[0m to start...


Showing logs for build [32mmeta-cb-kubecd-environment-pr-4-1[0m stage [32mfrom-build-pack[0m and container [32mstep-git-source-cb-kubecd-environment-pr-485-4-2kqsg[0m
{"level":"warn","ts":1568075041.460879,"logger":"fallback-logger","caller":"logging/config.go:69","msg":"Fetch GitHub commit ID from kodata failed: \"ref: refs/heads/master\" is not a valid GitHub commit ID"}
{"level":"info","ts":1568075042.5320308,"logger":"fallback-logger","caller":"git/git.go:102","msg":"Successfully cloned https://github.com/cb-kubecd/environment-pr-485-4-tekton-gkebdd-staging.git @ master in path /workspace/source"}

waiting for stage [32mfrom-build-pack[0m : container [32mstep-git-merge[0m to start...


Showing logs for build [32mmeta-cb-kubecd-environment-pr-4-1[0m stage [32mfrom-build-pack[0m and container [32mstep-git-merge[0m
Using SHAs from PULL_REFS=master:a6b68d02cf290f07bdc24ca41df1dfd8c31dd479,1:c54a688145d19882106f1405d308b374007e4c87
DEBUG: ran git fetch origin c54a688145d19882106f1405d308b374007e4c87: a6b68d02cf290f07bdc24ca41df1dfd8c31dd479: in 
DEBUG: Unshallowed git repo in 
DEBUG: ran git checkout master in 
DEBUG: ran git reset --hard a6b68d02cf290f07bdc24ca41df1dfd8c31dd479 in 
DEBUG: ran clean --force -d . in 
DEBUG: ran git merge c54a688145d19882106f1405d308b374007e4c87 in 
Merged SHA c54a688145d19882106f1405d308b374007e4c87 with commit message 'chore: Promote bdd-gh-1568074819 to version 0.0.1' into base branch master

waiting for stage [32mfrom-build-pack[0m : container [32mstep-build-helm-build[0m to start...


Showing logs for build [32mmeta-cb-kubecd-environment-pr-4-1[0m stage [32mfrom-build-pack[0m and container [32mstep-build-helm-build[0m
WARNING: No $CHART_REPOSITORY defined so using the default value of: http://jenkins-x-chartmuseum:8080
Adding missing Helm repo: storage.googleapis.com https://storage.googleapis.com/chartmuseum.jenkins-x.io
Successfully added Helm repository storage.googleapis.com.
Adding missing Helm repo: jenkins-x-chartmuseum http://jenkins-x-chartmuseum:8080
Successfully added Helm repository jenkins-x-chartmuseum.
WARNING: No $CHART_REPOSITORY defined so using the default value of: http://jenkins-x-chartmuseum:8080
Adding missing Helm repo: chartmuseum.jenkins-x.io http://chartmuseum.jenkins-x.io
Successfully added Helm repository chartmuseum.jenkins-x.io.
