
Showing logs for build [32mcb-kubecd-environment-pr-485-4-mhfsd-1[0m stage [32mmeta-pipeline[0m and container [32mstep-credential-initializer-4ks6v[0m
{"level":"warn","ts":1568075351.0919142,"logger":"fallback-logger","caller":"logging/config.go:69","msg":"Fetch GitHub commit ID from kodata failed: \"ref: refs/heads/master\" is not a valid GitHub commit ID"}
{"level":"info","ts":1568075351.0925627,"logger":"fallback-logger","caller":"creds-init/main.go:40","msg":"Credentials initialized."}

Showing logs for build [32mcb-kubecd-environment-pr-485-4-mhfsd-1[0m stage [32mmeta-pipeline[0m and container [32mstep-working-dir-initializer-d2bdt[0m
{"level":"warn","ts":1568075351.6095808,"logger":"fallback-logger","caller":"logging/config.go:69","msg":"Fetch GitHub commit ID from kodata failed: open /var/run/ko/HEAD: no such file or directory"}
{"level":"info","ts":1568075351.6114802,"logger":"fallback-logger","caller":"bash/main.go:65","msg":"Successfully executed command \"mkdir -p /workspace/source\""}

Showing logs for build [32mcb-kubecd-environment-pr-485-4-mhfsd-1[0m stage [32mmeta-pipeline[0m and container [32mstep-place-tools[0m

Showing logs for build [32mcb-kubecd-environment-pr-485-4-mhfsd-1[0m stage [32mmeta-pipeline[0m and container [32mstep-git-source-meta-cb-kubecd-environment-pr-4-8q97r[0m
{"level":"warn","ts":1568075357.6739502,"logger":"fallback-logger","caller":"logging/config.go:69","msg":"Fetch GitHub commit ID from kodata failed: \"ref: refs/heads/master\" is not a valid GitHub commit ID"}
{"level":"info","ts":1568075358.7447848,"logger":"fallback-logger","caller":"git/git.go:102","msg":"Successfully cloned https://github.com/cb-kubecd/environment-pr-485-4-tekton-gkebdd-staging.git @ 996580c7b018f2e8b6320c9a27aa52f6204a4456 in path /workspace/source"}

Showing logs for build [32mcb-kubecd-environment-pr-485-4-mhfsd-1[0m stage [32mmeta-pipeline[0m and container [32mstep-git-merge[0m
Using SHAs from PULL_REFS=master:996580c7b018f2e8b6320c9a27aa52f6204a4456,2:3315f448a6ef46158e551d4b2267fb700c741bc7
DEBUG: ran git fetch --unshallow origin 3315f448a6ef46158e551d4b2267fb700c741bc7: 996580c7b018f2e8b6320c9a27aa52f6204a4456: in 
DEBUG: ran git checkout master in 
DEBUG: ran git reset --hard 996580c7b018f2e8b6320c9a27aa52f6204a4456 in 
DEBUG: ran clean --force -d . in 
DEBUG: ran git merge 3315f448a6ef46158e551d4b2267fb700c741bc7 in 
Merged SHA 3315f448a6ef46158e551d4b2267fb700c741bc7 with commit message 'chore: Promote bdd-nh-import-1568075245 to version 0.0.1' into base branch master

Showing logs for build [32mcb-kubecd-environment-pr-485-4-mhfsd-1[0m stage [32mmeta-pipeline[0m and container [32mstep-merge-pull-refs[0m
DEBUG: ran git fetch origin 3315f448a6ef46158e551d4b2267fb700c741bc7: 996580c7b018f2e8b6320c9a27aa52f6204a4456: in 
DEBUG: Unshallowed git repo in 
DEBUG: ran git checkout master in 
DEBUG: ran git reset --hard 996580c7b018f2e8b6320c9a27aa52f6204a4456 in 
DEBUG: ran clean --force -d . in 
DEBUG: ran git merge 3315f448a6ef46158e551d4b2267fb700c741bc7 in 
Merged SHA 3315f448a6ef46158e551d4b2267fb700c741bc7 with commit message 'chore: Promote bdd-nh-import-1568075245 to version 0.0.1' into base branch master

Showing logs for build [32mcb-kubecd-environment-pr-485-4-mhfsd-1[0m stage [32mmeta-pipeline[0m and container [32mstep-create-effective-pipeline[0m
Deleting and cloning the Jenkins X versions repo
Cloning the Jenkins X versions repo https://github.com/jenkins-x/jenkins-x-versions.git with revision 985fb080c78a68bc4860457337153aaba0791d76 to /builder/home/.**/jenkins-x-versions
From https://github.com/jenkins-x/jenkins-x-versions
 * branch            985fb080c78a68bc4860457337153aaba0791d76 -> FETCH_HEAD
selected pack: /builder/home/.**/draft/packs/github.com/jenkins-x-buildpacks/jenkins-x-kubernetes/packs/environment
Effective pipeline written to jenkins-x-promotion-build-effective.yml

Showing logs for build [32mcb-kubecd-environment-pr-485-4-mhfsd-1[0m stage [32mmeta-pipeline[0m and container [32mstep-create-tekton-crds[0m
Deleting and cloning the Jenkins X versions repo
Cloning the Jenkins X versions repo https://github.com/jenkins-x/jenkins-x-versions.git with revision 985fb080c78a68bc4860457337153aaba0791d76 to /builder/home/.**/jenkins-x-versions
From https://github.com/jenkins-x/jenkins-x-versions
 * branch            985fb080c78a68bc4860457337153aaba0791d76 -> FETCH_HEAD
PipelineActivity for cb-kubecd-environment-pr-485-4-tekton-gkebdd-staging-PR-2-1
Applying changes 
upserted PipelineResource cb-kubecd-environment-pr-485-4 for the git repository https://github.com/cb-kubecd/environment-pr-485-4-tekton-gkebdd-staging.git
upserted Task cb-kubecd-environment-pr-485-4-mhfsd-from-build-pack-1
upserted Pipeline cb-kubecd-environment-pr-485-4-mhfsd-1
created PipelineRun cb-kubecd-environment-pr-485-4-mhfsd-1
created PipelineStructure cb-kubecd-environment-pr-485-4-mhfsd-1

Showing logs for build [32mcb-kubecd-environment-pr-485-4-mhfsd-1[0m stage [32mfrom-build-pack[0m and container [32mstep-credential-initializer-ztk99[0m
{"level":"warn","ts":1568075373.354565,"logger":"fallback-logger","caller":"logging/config.go:69","msg":"Fetch GitHub commit ID from kodata failed: \"ref: refs/heads/master\" is not a valid GitHub commit ID"}
{"level":"info","ts":1568075373.3550155,"logger":"fallback-logger","caller":"creds-init/main.go:40","msg":"Credentials initialized."}

Showing logs for build [32mcb-kubecd-environment-pr-485-4-mhfsd-1[0m stage [32mfrom-build-pack[0m and container [32mstep-working-dir-initializer-m99m2[0m
{"level":"warn","ts":1568075374.43136,"logger":"fallback-logger","caller":"logging/config.go:69","msg":"Fetch GitHub commit ID from kodata failed: open /var/run/ko/HEAD: no such file or directory"}
{"level":"info","ts":1568075374.4328265,"logger":"fallback-logger","caller":"bash/main.go:65","msg":"Successfully executed command \"mkdir -p /workspace/source /workspace/source/env\""}

Showing logs for build [32mcb-kubecd-environment-pr-485-4-mhfsd-1[0m stage [32mfrom-build-pack[0m and container [32mstep-place-tools[0m

Showing logs for build [32mcb-kubecd-environment-pr-485-4-mhfsd-1[0m stage [32mfrom-build-pack[0m and container [32mstep-git-source-cb-kubecd-environment-pr-485-4-m6ggn[0m
{"level":"warn","ts":1568075379.466516,"logger":"fallback-logger","caller":"logging/config.go:69","msg":"Fetch GitHub commit ID from kodata failed: \"ref: refs/heads/master\" is not a valid GitHub commit ID"}
{"level":"info","ts":1568075380.56471,"logger":"fallback-logger","caller":"git/git.go:102","msg":"Successfully cloned https://github.com/cb-kubecd/environment-pr-485-4-tekton-gkebdd-staging.git @ master in path /workspace/source"}

Showing logs for build [32mcb-kubecd-environment-pr-485-4-mhfsd-1[0m stage [32mfrom-build-pack[0m and container [32mstep-git-merge[0m
Using SHAs from PULL_REFS=master:996580c7b018f2e8b6320c9a27aa52f6204a4456,2:3315f448a6ef46158e551d4b2267fb700c741bc7
DEBUG: ran git fetch origin 3315f448a6ef46158e551d4b2267fb700c741bc7: 996580c7b018f2e8b6320c9a27aa52f6204a4456: in 
DEBUG: Unshallowed git repo in 
DEBUG: ran git checkout master in 
DEBUG: ran git reset --hard 996580c7b018f2e8b6320c9a27aa52f6204a4456 in 
DEBUG: ran clean --force -d . in 
DEBUG: ran git merge 3315f448a6ef46158e551d4b2267fb700c741bc7 in 
Merged SHA 3315f448a6ef46158e551d4b2267fb700c741bc7 with commit message 'chore: Promote bdd-nh-import-1568075245 to version 0.0.1' into base branch master

Showing logs for build [32mcb-kubecd-environment-pr-485-4-mhfsd-1[0m stage [32mfrom-build-pack[0m and container [32mstep-build-helm-build[0m
WARNING: No $CHART_REPOSITORY defined so using the default value of: http://jenkins-x-chartmuseum:8080
Adding missing Helm repo: storage.googleapis.com https://storage.googleapis.com/chartmuseum.jenkins-x.io
Successfully added Helm repository storage.googleapis.com.
Adding missing Helm repo: jenkins-x-chartmuseum http://jenkins-x-chartmuseum:8080
Successfully added Helm repository jenkins-x-chartmuseum.
WARNING: No $CHART_REPOSITORY defined so using the default value of: http://jenkins-x-chartmuseum:8080
Adding missing Helm repo: chartmuseum.jenkins-x.io http://chartmuseum.jenkins-x.io
Successfully added Helm repository chartmuseum.jenkins-x.io.
