
Showing logs for build [32mmeta-cb-kubecd-environment-pr-4-krgv5-1[0m stage [32mmeta-pipeline[0m and container [32mstep-credential-initializer-nnczl[0m
{"level":"warn","ts":1568075965.5475752,"logger":"fallback-logger","caller":"logging/config.go:69","msg":"Fetch GitHub commit ID from kodata failed: \"ref: refs/heads/master\" is not a valid GitHub commit ID"}
{"level":"info","ts":1568075965.548293,"logger":"fallback-logger","caller":"creds-init/main.go:40","msg":"Credentials initialized."}

Showing logs for build [32mmeta-cb-kubecd-environment-pr-4-krgv5-1[0m stage [32mmeta-pipeline[0m and container [32mstep-working-dir-initializer-5w58t[0m
{"level":"warn","ts":1568075966.006452,"logger":"fallback-logger","caller":"logging/config.go:69","msg":"Fetch GitHub commit ID from kodata failed: open /var/run/ko/HEAD: no such file or directory"}
{"level":"info","ts":1568075966.0079103,"logger":"fallback-logger","caller":"bash/main.go:65","msg":"Successfully executed command \"mkdir -p /workspace/source\""}

Showing logs for build [32mmeta-cb-kubecd-environment-pr-4-krgv5-1[0m stage [32mmeta-pipeline[0m and container [32mstep-place-tools[0m

Showing logs for build [32mmeta-cb-kubecd-environment-pr-4-krgv5-1[0m stage [32mmeta-pipeline[0m and container [32mstep-git-source-meta-cb-kubecd-environment-pr-4-d84kv[0m
{"level":"warn","ts":1568075972.140936,"logger":"fallback-logger","caller":"logging/config.go:69","msg":"Fetch GitHub commit ID from kodata failed: \"ref: refs/heads/master\" is not a valid GitHub commit ID"}
{"level":"info","ts":1568075973.2039902,"logger":"fallback-logger","caller":"git/git.go:102","msg":"Successfully cloned https://github.com/cb-kubecd/environment-pr-485-4-tekton-gkebdd-staging.git @ f484008841eecb8cac20015903f8e2870b58ccb0 in path /workspace/source"}

Showing logs for build [32mmeta-cb-kubecd-environment-pr-4-krgv5-1[0m stage [32mmeta-pipeline[0m and container [32mstep-git-merge[0m
Using SHAs from PULL_REFS=master:f484008841eecb8cac20015903f8e2870b58ccb0,4:9fb715bf47df3386e3af5da2176039df858f86ba
DEBUG: ran git fetch --unshallow origin 9fb715bf47df3386e3af5da2176039df858f86ba: f484008841eecb8cac20015903f8e2870b58ccb0: in 
DEBUG: ran git checkout master in 
DEBUG: ran git reset --hard f484008841eecb8cac20015903f8e2870b58ccb0 in 
DEBUG: ran clean --force -d . in 
DEBUG: ran git merge 9fb715bf47df3386e3af5da2176039df858f86ba in 
Merged SHA 9fb715bf47df3386e3af5da2176039df858f86ba with commit message 'chore: Promote bdd-ghf**y-import-1568075245 to version 0.0.1' into base branch master

Showing logs for build [32mmeta-cb-kubecd-environment-pr-4-krgv5-1[0m stage [32mmeta-pipeline[0m and container [32mstep-merge-pull-refs[0m
DEBUG: ran git fetch origin 9fb715bf47df3386e3af5da2176039df858f86ba: f484008841eecb8cac20015903f8e2870b58ccb0: in 
DEBUG: Unshallowed git repo in 
DEBUG: ran git checkout master in 
DEBUG: ran git reset --hard f484008841eecb8cac20015903f8e2870b58ccb0 in 
DEBUG: ran clean --force -d . in 
DEBUG: ran git merge 9fb715bf47df3386e3af5da2176039df858f86ba in 
Merged SHA 9fb715bf47df3386e3af5da2176039df858f86ba with commit message 'chore: Promote bdd-ghf**y-import-1568075245 to version 0.0.1' into base branch master

Showing logs for build [32mmeta-cb-kubecd-environment-pr-4-krgv5-1[0m stage [32mmeta-pipeline[0m and container [32mstep-create-effective-pipeline[0m
Deleting and cloning the Jenkins X versions repo
Cloning the Jenkins X versions repo https://github.com/jenkins-x/jenkins-x-versions.git with revision 985fb080c78a68bc4860457337153aaba0791d76 to /builder/home/.**/jenkins-x-versions
From https://github.com/jenkins-x/jenkins-x-versions
 * branch            985fb080c78a68bc4860457337153aaba0791d76 -> FETCH_HEAD
selected pack: /builder/home/.**/draft/packs/github.com/jenkins-x-buildpacks/jenkins-x-kubernetes/packs/environment
Effective pipeline written to jenkins-x-promotion-build-effective.yml

Showing logs for build [32mmeta-cb-kubecd-environment-pr-4-krgv5-1[0m stage [32mmeta-pipeline[0m and container [32mstep-create-tekton-crds[0m
Deleting and cloning the Jenkins X versions repo
Cloning the Jenkins X versions repo https://github.com/jenkins-x/jenkins-x-versions.git with revision 985fb080c78a68bc4860457337153aaba0791d76 to /builder/home/.**/jenkins-x-versions
From https://github.com/jenkins-x/jenkins-x-versions
 * branch            985fb080c78a68bc4860457337153aaba0791d76 -> FETCH_HEAD
PipelineActivity for cb-kubecd-environment-pr-485-4-tekton-gkebdd-staging-PR-4-1
Applying changes 
upserted PipelineResource cb-kubecd-environment-pr-485-4 for the git repository https://github.com/cb-kubecd/environment-pr-485-4-tekton-gkebdd-staging.git
upserted Task cb-kubecd-environment-pr-485-4-nwvcc-from-build-pack-1
upserted Pipeline cb-kubecd-environment-pr-485-4-nwvcc-1
created PipelineRun cb-kubecd-environment-pr-485-4-nwvcc-1
created PipelineStructure cb-kubecd-environment-pr-485-4-nwvcc-1

Showing logs for build [32mmeta-cb-kubecd-environment-pr-4-krgv5-1[0m stage [32mfrom-build-pack[0m and container [32mstep-credential-initializer-k2r8h[0m
{"level":"warn","ts":1568075988.573896,"logger":"fallback-logger","caller":"logging/config.go:69","msg":"Fetch GitHub commit ID from kodata failed: \"ref: refs/heads/master\" is not a valid GitHub commit ID"}
{"level":"info","ts":1568075988.5747347,"logger":"fallback-logger","caller":"creds-init/main.go:40","msg":"Credentials initialized."}

Showing logs for build [32mmeta-cb-kubecd-environment-pr-4-krgv5-1[0m stage [32mfrom-build-pack[0m and container [32mstep-working-dir-initializer-nhg4q[0m
{"level":"warn","ts":1568075989.988126,"logger":"fallback-logger","caller":"logging/config.go:69","msg":"Fetch GitHub commit ID from kodata failed: open /var/run/ko/HEAD: no such file or directory"}
{"level":"info","ts":1568075989.9902768,"logger":"fallback-logger","caller":"bash/main.go:65","msg":"Successfully executed command \"mkdir -p /workspace/source /workspace/source/env\""}

Showing logs for build [32mmeta-cb-kubecd-environment-pr-4-krgv5-1[0m stage [32mfrom-build-pack[0m and container [32mstep-place-tools[0m

Showing logs for build [32mmeta-cb-kubecd-environment-pr-4-krgv5-1[0m stage [32mfrom-build-pack[0m and container [32mstep-git-source-cb-kubecd-environment-pr-485-4-dqls5[0m
{"level":"warn","ts":1568075996.1469445,"logger":"fallback-logger","caller":"logging/config.go:69","msg":"Fetch GitHub commit ID from kodata failed: \"ref: refs/heads/master\" is not a valid GitHub commit ID"}
{"level":"info","ts":1568075997.2072613,"logger":"fallback-logger","caller":"git/git.go:102","msg":"Successfully cloned https://github.com/cb-kubecd/environment-pr-485-4-tekton-gkebdd-staging.git @ master in path /workspace/source"}

Showing logs for build [32mmeta-cb-kubecd-environment-pr-4-krgv5-1[0m stage [32mfrom-build-pack[0m and container [32mstep-git-merge[0m
Using SHAs from PULL_REFS=master:f484008841eecb8cac20015903f8e2870b58ccb0,4:9fb715bf47df3386e3af5da2176039df858f86ba
DEBUG: ran git fetch origin 9fb715bf47df3386e3af5da2176039df858f86ba: f484008841eecb8cac20015903f8e2870b58ccb0: in 
DEBUG: Unshallowed git repo in 
DEBUG: ran git checkout master in 
DEBUG: ran git reset --hard f484008841eecb8cac20015903f8e2870b58ccb0 in 
DEBUG: ran clean --force -d . in 
DEBUG: ran git merge 9fb715bf47df3386e3af5da2176039df858f86ba in 
Merged SHA 9fb715bf47df3386e3af5da2176039df858f86ba with commit message 'chore: Promote bdd-ghf**y-import-1568075245 to version 0.0.1' into base branch master

Showing logs for build [32mmeta-cb-kubecd-environment-pr-4-krgv5-1[0m stage [32mfrom-build-pack[0m and container [32mstep-build-helm-build[0m
WARNING: No $CHART_REPOSITORY defined so using the default value of: http://jenkins-x-chartmuseum:8080
Adding missing Helm repo: storage.googleapis.com https://storage.googleapis.com/chartmuseum.jenkins-x.io
Successfully added Helm repository storage.googleapis.com.
Adding missing Helm repo: jenkins-x-chartmuseum http://jenkins-x-chartmuseum:8080
Successfully added Helm repository jenkins-x-chartmuseum.
WARNING: No $CHART_REPOSITORY defined so using the default value of: http://jenkins-x-chartmuseum:8080
Adding missing Helm repo: chartmuseum.jenkins-x.io http://chartmuseum.jenkins-x.io
Successfully added Helm repository chartmuseum.jenkins-x.io.
